0 info it worked if it ends with ok
1 verbose cli [ 'node',
1 verbose cli   '/usr/local/bin/npm',
1 verbose cli   'install',
1 verbose cli   '-g',
1 verbose cli   'generator-express' ]
2 info using npm@2.0.2
3 info using node@v0.10.26
4 verbose cache add [ 'generator-express', null ]
5 verbose cache add spec="generator-express" args=["generator-express",null]
6 verbose parsed spec { raw: 'generator-express',
6 verbose parsed spec   scope: null,
6 verbose parsed spec   name: 'generator-express',
6 verbose parsed spec   rawSpec: '',
6 verbose parsed spec   spec: '*',
6 verbose parsed spec   type: 'range' }
7 verbose parsed spec { raw: 'generator-express',
7 verbose parsed spec   scope: null,
7 verbose parsed spec   name: 'generator-express',
7 verbose parsed spec   rawSpec: '',
7 verbose parsed spec   spec: '*',
7 verbose parsed spec   type: 'range' }
8 verbose addNamed [ 'generator-express', '*' ]
9 verbose addNamed [ null, '*' ]
10 silly lockFile 742de7ff-generator-express generator-express@*
11 verbose lock generator-express@* /home/dunice/.npm/742de7ff-generator-express.lock
12 silly addNameRange { name: 'generator-express', range: '*', hasData: false }
13 verbose mapToRegistry name generator-express
14 verbose mapToRegistry uri https://registry.npmjs.org/generator-express
15 verbose request on initialization, where is /generator-express
16 verbose request after pass 1, where is /generator-express
17 verbose request url raw /generator-express
18 verbose request resolving registry [ 'https://registry.npmjs.org/', './generator-express' ]
19 verbose request after pass 2, where is https://registry.npmjs.org/generator-express
20 verbose request no auth needed
21 info attempt registry request try #1 at 12:52:07
22 verbose request id ecf2ba3d62309d6e
23 verbose etag "EEK8QW93RRLFRPO0TL6PBXQIY"
24 http request GET https://registry.npmjs.org/generator-express
25 http 304 https://registry.npmjs.org/generator-express
26 silly registry.get cb [ 304,
26 silly registry.get   { date: 'Wed, 10 Dec 2014 08:51:05 GMT',
26 silly registry.get     server: 'Apache',
26 silly registry.get     via: '1.1 varnish',
26 silly registry.get     'last-modified': 'Wed, 10 Dec 2014 08:51:06 GMT',
26 silly registry.get     'cache-control': 'max-age=60',
26 silly registry.get     etag: '"EEK8QW93RRLFRPO0TL6PBXQIY"',
26 silly registry.get     age: '0',
26 silly registry.get     'x-served-by': 'cache-fra1225-FRA',
26 silly registry.get     'x-cache': 'MISS',
26 silly registry.get     'x-cache-hits': '0',
26 silly registry.get     'x-timer': 'S1418201465.826493,VS0,VE204',
26 silly registry.get     vary: 'Accept',
26 silly registry.get     'content-length': '0',
26 silly registry.get     'keep-alive': 'timeout=10, max=50',
26 silly registry.get     connection: 'Keep-Alive' } ]
27 verbose etag https://registry.npmjs.org/generator-express from cache
28 silly addNameRange number 2 { name: 'generator-express', range: '*', hasData: true }
29 silly addNameRange versions [ 'generator-express',
29 silly addNameRange   [ '0.1.0',
29 silly addNameRange     '0.1.1',
29 silly addNameRange     '0.1.2',
29 silly addNameRange     '0.2.0',
29 silly addNameRange     '0.2.1',
29 silly addNameRange     '0.3.0',
29 silly addNameRange     '0.3.1',
29 silly addNameRange     '1.0.0',
29 silly addNameRange     '1.0.1',
29 silly addNameRange     '1.0.4',
29 silly addNameRange     '1.0.5',
29 silly addNameRange     '1.0.6',
29 silly addNameRange     '1.0.7',
29 silly addNameRange     '1.0.8',
29 silly addNameRange     '2.0.0',
29 silly addNameRange     '2.0.1',
29 silly addNameRange     '2.0.2',
29 silly addNameRange     '2.0.3',
29 silly addNameRange     '2.0.4',
29 silly addNameRange     '2.0.5',
29 silly addNameRange     '2.0.6',
29 silly addNameRange     '2.0.7',
29 silly addNameRange     '2.0.8',
29 silly addNameRange     '2.0.9',
29 silly addNameRange     '2.1.0',
29 silly addNameRange     '2.1.1',
29 silly addNameRange     '2.1.2',
29 silly addNameRange     '2.1.3',
29 silly addNameRange     '2.2.0',
29 silly addNameRange     '2.2.1',
29 silly addNameRange     '2.2.2',
29 silly addNameRange     '2.3.0',
29 silly addNameRange     '2.3.1' ] ]
30 verbose addNamed [ 'generator-express', '2.3.1' ]
31 verbose addNamed [ '2.3.1', '2.3.1' ]
32 silly lockFile 25e7d440-generator-express-2-3-1 generator-express@2.3.1
33 verbose lock generator-express@2.3.1 /home/dunice/.npm/25e7d440-generator-express-2-3-1.lock
34 silly lockFile 25e7d440-generator-express-2-3-1 generator-express@2.3.1
35 silly lockFile 25e7d440-generator-express-2-3-1 generator-express@2.3.1
36 silly lockFile 742de7ff-generator-express generator-express@*
37 silly lockFile 742de7ff-generator-express generator-express@*
38 silly resolved [ { name: 'generator-express',
38 silly resolved     version: '2.3.1',
38 silly resolved     description: 'A nodejs express generator for Yeoman',
38 silly resolved     keywords: [ 'yeoman-generator', 'express', 'scaffold' ],
38 silly resolved     homepage: 'https://github.com/petecoop/generator-express',
38 silly resolved     bugs: { url: 'https://github.com/petecoop/generator-express/issues' },
38 silly resolved     author:
38 silly resolved      { name: 'petecoop',
38 silly resolved        email: 'pete@petecoop.co.uk',
38 silly resolved        url: 'http://petecoop.co.uk' },
38 silly resolved     contributors: [ [Object] ],
38 silly resolved     main: 'app/index.js',
38 silly resolved     repository:
38 silly resolved      { type: 'git',
38 silly resolved        url: 'https://github.com/petecoop/generator-express.git' },
38 silly resolved     scripts: { test: 'mocha' },
38 silly resolved     dependencies: { 'yeoman-generator': '~0.17.1' },
38 silly resolved     devDependencies: { mocha: '~1.17.1' },
38 silly resolved     engines: { node: '>=0.8.0' },
38 silly resolved     licenses: [ [Object] ],
38 silly resolved     _id: 'generator-express@2.3.1',
38 silly resolved     dist:
38 silly resolved      { shasum: '7354d83b46d6c34355d1a1eb9b53efe735ae4ecd',
38 silly resolved        tarball: 'http://registry.npmjs.org/generator-express/-/generator-express-2.3.1.tgz' },
38 silly resolved     _from: 'generator-express@*',
38 silly resolved     _npmVersion: '1.3.15',
38 silly resolved     _npmUser: { name: 'petecoop', email: 'pete@petecoop.co.uk' },
38 silly resolved     maintainers: [ [Object] ],
38 silly resolved     directories: {},
38 silly resolved     _shasum: '7354d83b46d6c34355d1a1eb9b53efe735ae4ecd',
38 silly resolved     _resolved: 'https://registry.npmjs.org/generator-express/-/generator-express-2.3.1.tgz',
38 silly resolved     readme: 'ERROR: No README data found!' } ]
39 info install generator-express@2.3.1 into /usr/local/lib
40 info installOne generator-express@2.3.1
41 verbose lib/node_modules/generator-express unbuild
42 verbose gentlyRm vacuuming /usr/local/lib/node_modules/generator-express
43 verbose tar unpack /home/dunice/.npm/generator-express/2.3.1/package.tgz
44 silly lockFile c243ad14-b-node-modules-generator-express tar:///usr/local/lib/node_modules/generator-express
45 verbose lock tar:///usr/local/lib/node_modules/generator-express /home/dunice/.npm/c243ad14-b-node-modules-generator-express.lock
46 silly lockFile 610ac925-erator-express-2-3-1-package-tgz tar:///home/dunice/.npm/generator-express/2.3.1/package.tgz
47 verbose lock tar:///home/dunice/.npm/generator-express/2.3.1/package.tgz /home/dunice/.npm/610ac925-erator-express-2-3-1-package-tgz.lock
48 verbose gentlyRm vacuuming /usr/local/lib/node_modules/generator-express
49 silly gunzTarPerm modes [ '775', '664' ]
50 verbose fstream_path /usr/local/lib/node_modules/generator-express
51 verbose fstream_type Directory
52 verbose fstream_class DirWriter
53 verbose stack Error: EACCES, mkdir '/usr/local/lib/node_modules/generator-express'
54 verbose fstream_stack /usr/local/lib/node_modules/npm/node_modules/fstream/lib/dir-writer.js:36:23
54 verbose fstream_stack /usr/local/lib/node_modules/npm/node_modules/mkdirp/index.js:46:53
54 verbose fstream_stack Object.oncomplete (fs.js:107:15)
55 verbose cwd /home/dunice/work/StudyProjects/Zlydnev
56 error Linux 3.13.0-36-generic
57 error argv "node" "/usr/local/bin/npm" "install" "-g" "generator-express"
58 error node v0.10.26
59 error npm  v2.0.2
60 error path /usr/local/lib/node_modules/generator-express
61 error code EACCES
62 error errno 3
63 error Error: EACCES, mkdir '/usr/local/lib/node_modules/generator-express'
63 error  { [Error: EACCES, mkdir '/usr/local/lib/node_modules/generator-express']
63 error   errno: 3,
63 error   code: 'EACCES',
63 error   path: '/usr/local/lib/node_modules/generator-express',
63 error   fstream_type: 'Directory',
63 error   fstream_path: '/usr/local/lib/node_modules/generator-express',
63 error   fstream_class: 'DirWriter',
63 error   fstream_stack:
63 error    [ '/usr/local/lib/node_modules/npm/node_modules/fstream/lib/dir-writer.js:36:23',
63 error      '/usr/local/lib/node_modules/npm/node_modules/mkdirp/index.js:46:53',
63 error      'Object.oncomplete (fs.js:107:15)' ] }
64 error Please try running this command again as root/Administrator.
65 verbose exit [ 3, true ]
